<?xml version="1.0" encoding="UTF-8"?>
<!-- Generated by org.testng.reporters.JUnitReportReporter -->
<testsuite hostname="DESKTOP-HNPQ0TD" failures="0" tests="1" name="com.testCases.LoginTestCase_001" time="21.899" errors="0" timestamp="2023-12-13T19:27:04 GMT" skipped="0">
  <testcase classname="com.testCases.LoginTestCase_001" name="login" time="21.899"/>
  <system-out/>
</testsuite> <!-- com.testCases.LoginTestCase_001 -->
