<?xml version="1.0" encoding="UTF-8"?>
<!-- Generated by org.testng.reporters.JUnitReportReporter -->
<testsuite hostname="CECIL-PC" failures="0" tests="1" name="com.testCases.LoginTestCase_001" time="9.583" errors="0" timestamp="2023-05-28T15:42:45 SAST" skipped="0">
  <testcase classname="com.testCases.LoginTestCase_001" name="logInTest" time="9.583"/>
  <system-out/>
</testsuite> <!-- com.testCases.LoginTestCase_001 -->
